WithLaw_Mobile_Application/app/build/intermediates/manifest_merge_blame_file/debug/manifest-merger-blame-debug-report.txt
1<?xml version="1.0" encoding="utf-8"?>
2<manifest xmlns:android="http://schemas.android.com/apk/res/android"
3    package="com.example.lawfriend_holidenty_lab_1"
4    android:versionCode="1"
5    android:versionName="1.0" >
6
7    <uses-sdk
8        android:minSdkVersion="28"
8-->src/main/AndroidManifest.xml
9        android:targetSdkVersion="29" />
9-->src/main/AndroidManifest.xml
10
11    <uses-permission android:name="android.permission.INTERNET" >
11-->src/main/AndroidManifest.xml:5:5-7:23
11-->src/main/AndroidManifest.xml:5:22-64
12    </uses-permission>
13
14    <application
14-->src/main/AndroidManifest.xml:9:5-42:19
15        android:allowBackup="true"
15-->src/main/AndroidManifest.xml:11:9-35
16        android:appComponentFactory="androidx.core.app.CoreComponentFactory"
16-->[androidx.core:core:1.1.0] AndroidManifest.xml:24:18-86
17        android:debuggable="true"
18        android:extractNativeLibs="false"
19        android:icon="@mipmap/ic_launcher"
19-->src/main/AndroidManifest.xml:12:9-43
20        android:label="@string/app_name"
20-->src/main/AndroidManifest.xml:13:9-41
21        android:roundIcon="@mipmap/ic_launcher_round"
21-->src/main/AndroidManifest.xml:14:9-54
22        android:supportsRtl="true"
22-->src/main/AndroidManifest.xml:15:9-35
23        android:testOnly="true"
24        android:theme="@android:style/Theme.NoTitleBar.Fullscreen"
24-->src/main/AndroidManifest.xml:16:9-67
25        android:usesCleartextTraffic="true" >
25-->src/main/AndroidManifest.xml:10:9-44
26        <activity
26-->src/main/AndroidManifest.xml:17:9-25:20
27            android:name="com.example.lawfriend_holidenty_lab_1.SplashScreen"
27-->src/main/AndroidManifest.xml:18:13-41
28            android:theme="@style/AppTheme" >
28-->src/main/AndroidManifest.xml:19:13-44
29            <intent-filter>
29-->src/main/AndroidManifest.xml:20:13-24:29
30                <action android:name="android.intent.action.MAIN" />
30-->src/main/AndroidManifest.xml:21:17-69
30-->src/main/AndroidManifest.xml:21:25-66
31
32                <category android:name="android.intent.category.LAUNCHER" />
32-->src/main/AndroidManifest.xml:23:17-77
32-->src/main/AndroidManifest.xml:23:27-74
33            </intent-filter>
34        </activity>
35        <activity
35-->src/main/AndroidManifest.xml:27:9-33:20
36            android:name="com.example.lawfriend_holidenty_lab_1.MainActivity"
36-->src/main/AndroidManifest.xml:27:19-47
37            android:theme="@style/AppTheme" >
37-->src/main/AndroidManifest.xml:28:13-44
38            <intent-filter>
38-->src/main/AndroidManifest.xml:20:13-24:29
39                <action android:name="android.intent.action.MAIN" />
39-->src/main/AndroidManifest.xml:21:17-69
39-->src/main/AndroidManifest.xml:21:25-66
40
41                <category android:name="android.intent.category.LAUNCHER" />
41-->src/main/AndroidManifest.xml:23:17-77
41-->src/main/AndroidManifest.xml:23:27-74
42            </intent-filter>
43        </activity>
44        <activity
44-->src/main/AndroidManifest.xml:34:9-37:20
45            android:name="com.example.lawfriend_holidenty_lab_1.LoginActivity"
45-->src/main/AndroidManifest.xml:34:19-48
46            android:theme="@style/AppTheme" >
46-->src/main/AndroidManifest.xml:35:13-44
47        </activity>
48        <activity
48-->src/main/AndroidManifest.xml:38:9-41:20
49            android:name="com.example.lawfriend_holidenty_lab_1.RegisterActivity"
49-->src/main/AndroidManifest.xml:38:19-51
50            android:theme="@style/AppTheme" >
50-->src/main/AndroidManifest.xml:39:13-44
51        </activity>
52    </application>
53
54</manifest>